[08:27:46.323] Global cache location '/home/t-uchida/.cache/typescript/4.6', safe file path '/home/t-uchida/Dropbox/dotfiles/.emacs.d/.cache/lsp/npm/typescript/lib/node_modules/typescript/lib/typingSafeList.json', types map path /home/t-uchida/Dropbox/dotfiles/.emacs.d/.cache/lsp/npm/typescript/lib/node_modules/typescript/lib/typesMap.json
[08:27:46.325] Processing cache location '/home/t-uchida/.cache/typescript/4.6'
[08:27:46.325] Trying to find '/home/t-uchida/.cache/typescript/4.6/package.json'...
[08:27:46.326] Loaded content of '/home/t-uchida/.cache/typescript/4.6/package.json': {"private":true,"dependencies":{"types-registry":"^0.1.632"},"devDependencies":{"@types/react":"^18.0.28","@types/react-dom":"^18.0.11"}}
[08:27:46.326] Loaded content of '/home/t-uchida/.cache/typescript/4.6/package-lock.json'
[08:27:46.357] Adding entry into typings cache: 'react' => '/home/t-uchida/.cache/typescript/4.6/node_modules/@types/react/index.d.ts'
[08:27:46.363] Adding entry into typings cache: 'react-dom' => '/home/t-uchida/.cache/typescript/4.6/node_modules/@types/react-dom/index.d.ts'
[08:27:46.363] Finished processing cache location '/home/t-uchida/.cache/typescript/4.6'
[08:27:46.364] Process id: 15515
[08:27:46.365] NPM location: /home/t-uchida/.nvm/versions/node/v16.15.0/bin/npm (explicit '--npmLocation' not  provided)
[08:27:46.365] validateDefaultNpmLocation: false
[08:27:46.366] Npm config file: /home/t-uchida/.cache/typescript/4.6/package.json
[08:27:46.366] Updating types-registry npm package...
[08:27:46.367] Exec: /home/t-uchida/.nvm/versions/node/v16.15.0/bin/npm install --ignore-scripts types-registry@latest
[08:27:48.434]     Succeeded. stdout:
    
    up to date, audited 7 packages in 1s

found 0 vulnerabilities

[08:27:48.435] Updated types-registry npm package
[08:27:49.561] Got install request {"projectName":"/dev/null/inferredProject1*","fileNames":["/home/t-uchida/Dropbox/dotfiles/.emacs.d/.cache/lsp/npm/typescript/lib/node_modules/typescript/lib/lib.es5.d.ts","/home/t-uchida/Dropbox/dotfiles/.emacs.d/.cache/lsp/npm/typescript/lib/node_modules/typescript/lib/lib.es2015.d.ts","/home/t-uchida/Dropbox/dotfiles/.emacs.d/.cache/lsp/npm/typescript/lib/node_modules/typescript/lib/lib.es2016.d.ts","/home/t-uchida/Dropbox/dotfiles/.emacs.d/.cache/lsp/npm/typescript/lib/node_modules/typescript/lib/lib.dom.d.ts","/home/t-uchida/Dropbox/dotfiles/.emacs.d/.cache/lsp/npm/typescript/lib/node_modules/typescript/lib/lib.dom.iterable.d.ts","/home/t-uchida/Dropbox/dotfiles/.emacs.d/.cache/lsp/npm/typescript/lib/node_modules/typescript/lib/lib.webworker.importscripts.d.ts","/home/t-uchida/Dropbox/dotfiles/.emacs.d/.cache/lsp/npm/typescript/lib/node_modules/typescript/lib/lib.scripthost.d.ts","/home/t-uchida/Dropbox/dotfiles/.emacs.d/.cache/lsp/npm/typescript/lib/node_modules/typescript/lib/lib.es2015.core.d.ts","/home/t-uchida/Dropbox/dotfiles/.emacs.d/.cache/lsp/npm/typescript/lib/node_modules/typescript/lib/lib.es2015.collection.d.ts","/home/t-uchida/Dropbox/dotfiles/.emacs.d/.cache/lsp/npm/typescript/lib/node_modules/typescript/lib/lib.es2015.generator.d.ts","/home/t-uchida/Dropbox/dotfiles/.emacs.d/.cache/lsp/npm/typescript/lib/node_modules/typescript/lib/lib.es2015.iterable.d.ts","/home/t-uchida/Dropbox/dotfiles/.emacs.d/.cache/lsp/npm/typescript/lib/node_modules/typescript/lib/lib.es2015.promise.d.ts","/home/t-uchida/Dropbox/dotfiles/.emacs.d/.cache/lsp/npm/typescript/lib/node_modules/typescript/lib/lib.es2015.proxy.d.ts","/home/t-uchida/Dropbox/dotfiles/.emacs.d/.cache/lsp/npm/typescript/lib/node_modules/typescript/lib/lib.es2015.reflect.d.ts","/home/t-uchida/Dropbox/dotfiles/.emacs.d/.cache/lsp/npm/typescript/lib/node_modules/typescript/lib/lib.es2015.symbol.d.ts","/home/t-uchida/Dropbox/dotfiles/.emacs.d/.cache/lsp/npm/typescript/lib/node_modules/typescript/lib/lib.es2015.symbol.wellknown.d.ts","/home/t-uchida/Dropbox/dotfiles/.emacs.d/.cache/lsp/npm/typescript/lib/node_modules/typescript/lib/lib.es2016.array.include.d.ts","/home/t-uchida/Dropbox/dotfiles/.emacs.d/.cache/lsp/npm/typescript/lib/node_modules/typescript/lib/lib.es2016.full.d.ts","/home/t-uchida/projects/sandbox/react-tutorial/src/App.js"],"compilerOptions":{"module":1,"target":3,"jsx":1,"allowJs":true,"allowSyntheticDefaultImports":true,"allowNonTsExtensions":true,"noEmitForJsFiles":true,"maxNodeModuleJsDepth":2},"typeAcquisition":{"enable":true,"include":[],"exclude":[]},"unresolvedImports":[],"projectRootPath":"/home/t-uchida/projects/sandbox/react-tutorial/src","kind":"discover"}
[08:27:49.597] Loaded safelist from types map file '/home/t-uchida/Dropbox/dotfiles/.emacs.d/.cache/lsp/npm/typescript/lib/node_modules/typescript/lib/typesMap.json'
[08:27:49.598] Explicitly included types: []
[08:27:49.600] Typing names in '/home/t-uchida/projects/sandbox/react-tutorial/src/package.json' dependencies: ["react","react-dom","react-scripts"]
[08:27:49.601] Inferred typings from unresolved imports: []
[08:27:49.601] Result: {"cachedTypingPaths":["/home/t-uchida/.cache/typescript/4.6/node_modules/@types/react/index.d.ts","/home/t-uchida/.cache/typescript/4.6/node_modules/@types/react-dom/index.d.ts"],"newTypingNames":["react-scripts"],"filesToWatch":["/home/t-uchida/projects/sandbox/react-tutorial/src/bower_components","/home/t-uchida/projects/sandbox/react-tutorial/src/package.json","/home/t-uchida/projects/sandbox/react-tutorial/src/node_modules"]}
[08:27:49.602] Finished typings discovery: {"cachedTypingPaths":["/home/t-uchida/.cache/typescript/4.6/node_modules/@types/react/index.d.ts","/home/t-uchida/.cache/typescript/4.6/node_modules/@types/react-dom/index.d.ts"],"newTypingNames":["react-scripts"],"filesToWatch":["/home/t-uchida/projects/sandbox/react-tutorial/src/bower_components","/home/t-uchida/projects/sandbox/react-tutorial/src/package.json","/home/t-uchida/projects/sandbox/react-tutorial/src/node_modules"]}
[08:27:49.603] DirectoryWatcher:: Added:: WatchInfo: /home/t-uchida/projects/sandbox/react-tutorial/src/bower_components
[08:27:49.604] DirectoryWatcher:: Added:: WatchInfo: /home/t-uchida/projects/sandbox/react-tutorial/src/bower_components 1 undefined Project: /dev/null/inferredProject1* watcher already invoked: false
[08:27:49.609] Elapsed:: 4.433955006301403ms DirectoryWatcher:: Added:: WatchInfo: /home/t-uchida/projects/sandbox/react-tutorial/src/bower_components 1 undefined Project: /dev/null/inferredProject1* watcher already invoked: false
[08:27:49.609] FileWatcher:: Added:: WatchInfo: /home/t-uchida/projects/sandbox/react-tutorial/src/package.json
[08:27:49.609] FileWatcher:: Added:: WatchInfo: /home/t-uchida/projects/sandbox/react-tutorial/src/package.json 2000 undefined Project: /dev/null/inferredProject1* watcher already invoked: false
[08:27:49.611] DirectoryWatcher:: Added:: WatchInfo: /home/t-uchida/projects/sandbox/react-tutorial/src/node_modules
[08:27:49.611] DirectoryWatcher:: Added:: WatchInfo: /home/t-uchida/projects/sandbox/react-tutorial/src/node_modules 1 undefined Project: /dev/null/inferredProject1* watcher already invoked: false
[08:27:49.611] Elapsed:: 0.4963340014219284ms DirectoryWatcher:: Added:: WatchInfo: /home/t-uchida/projects/sandbox/react-tutorial/src/node_modules 1 undefined Project: /dev/null/inferredProject1* watcher already invoked: false
[08:27:49.612] Installing typings ["react-scripts"]
[08:27:49.613] 'react-scripts':: Entry for package 'react-scripts' does not exist in local types registry - skipping...
[08:27:49.613] All typings are known to be missing or invalid - no need to install more typings
[08:27:49.613] Sending response:
    {"projectName":"/dev/null/inferredProject1*","typeAcquisition":{"enable":true,"include":[],"exclude":[]},"compilerOptions":{"module":1,"target":3,"jsx":1,"allowJs":true,"allowSyntheticDefaultImports":true,"allowNonTsExtensions":true,"noEmitForJsFiles":true,"maxNodeModuleJsDepth":2},"typings":["/home/t-uchida/.cache/typescript/4.6/node_modules/@types/react/index.d.ts","/home/t-uchida/.cache/typescript/4.6/node_modules/@types/react-dom/index.d.ts"],"unresolvedImports":[],"kind":"action::set"}
[08:27:49.614] Response has been sent.
[08:27:51.707] Got install request {"projectName":"/dev/null/inferredProject1*","fileNames":["/home/t-uchida/Dropbox/dotfiles/.emacs.d/.cache/lsp/npm/typescript/lib/node_modules/typescript/lib/lib.es5.d.ts","/home/t-uchida/Dropbox/dotfiles/.emacs.d/.cache/lsp/npm/typescript/lib/node_modules/typescript/lib/lib.es2015.d.ts","/home/t-uchida/Dropbox/dotfiles/.emacs.d/.cache/lsp/npm/typescript/lib/node_modules/typescript/lib/lib.es2016.d.ts","/home/t-uchida/Dropbox/dotfiles/.emacs.d/.cache/lsp/npm/typescript/lib/node_modules/typescript/lib/lib.dom.d.ts","/home/t-uchida/Dropbox/dotfiles/.emacs.d/.cache/lsp/npm/typescript/lib/node_modules/typescript/lib/lib.dom.iterable.d.ts","/home/t-uchida/Dropbox/dotfiles/.emacs.d/.cache/lsp/npm/typescript/lib/node_modules/typescript/lib/lib.webworker.importscripts.d.ts","/home/t-uchida/Dropbox/dotfiles/.emacs.d/.cache/lsp/npm/typescript/lib/node_modules/typescript/lib/lib.scripthost.d.ts","/home/t-uchida/Dropbox/dotfiles/.emacs.d/.cache/lsp/npm/typescript/lib/node_modules/typescript/lib/lib.es2015.core.d.ts","/home/t-uchida/Dropbox/dotfiles/.emacs.d/.cache/lsp/npm/typescript/lib/node_modules/typescript/lib/lib.es2015.collection.d.ts","/home/t-uchida/Dropbox/dotfiles/.emacs.d/.cache/lsp/npm/typescript/lib/node_modules/typescript/lib/lib.es2015.generator.d.ts","/home/t-uchida/Dropbox/dotfiles/.emacs.d/.cache/lsp/npm/typescript/lib/node_modules/typescript/lib/lib.es2015.iterable.d.ts","/home/t-uchida/Dropbox/dotfiles/.emacs.d/.cache/lsp/npm/typescript/lib/node_modules/typescript/lib/lib.es2015.promise.d.ts","/home/t-uchida/Dropbox/dotfiles/.emacs.d/.cache/lsp/npm/typescript/lib/node_modules/typescript/lib/lib.es2015.proxy.d.ts","/home/t-uchida/Dropbox/dotfiles/.emacs.d/.cache/lsp/npm/typescript/lib/node_modules/typescript/lib/lib.es2015.reflect.d.ts","/home/t-uchida/Dropbox/dotfiles/.emacs.d/.cache/lsp/npm/typescript/lib/node_modules/typescript/lib/lib.es2015.symbol.d.ts","/home/t-uchida/Dropbox/dotfiles/.emacs.d/.cache/lsp/npm/typescript/lib/node_modules/typescript/lib/lib.es2015.symbol.wellknown.d.ts","/home/t-uchida/Dropbox/dotfiles/.emacs.d/.cache/lsp/npm/typescript/lib/node_modules/typescript/lib/lib.es2016.array.include.d.ts","/home/t-uchida/Dropbox/dotfiles/.emacs.d/.cache/lsp/npm/typescript/lib/node_modules/typescript/lib/lib.es2016.full.d.ts","/home/t-uchida/.cache/typescript/4.6/node_modules/@types/react/global.d.ts","/home/t-uchida/.cache/typescript/4.6/node_modules/@types/react/index.d.ts","/home/t-uchida/projects/sandbox/react-tutorial/src/App.js","/home/t-uchida/.cache/typescript/4.6/node_modules/@types/react-dom/index.d.ts"],"compilerOptions":{"module":1,"target":3,"jsx":1,"allowJs":true,"allowSyntheticDefaultImports":true,"allowNonTsExtensions":true,"noEmitForJsFiles":true,"maxNodeModuleJsDepth":2},"typeAcquisition":{"enable":true,"include":[],"exclude":[]},"unresolvedImports":[],"projectRootPath":"/home/t-uchida/projects/sandbox/react-tutorial/src","kind":"discover"}
[08:27:51.707] Explicitly included types: []
[08:27:51.709] Typing names in '/home/t-uchida/projects/sandbox/react-tutorial/src/package.json' dependencies: ["react","react-dom","react-scripts"]
[08:27:51.709] Inferred typings from unresolved imports: []
[08:27:51.709] Result: {"cachedTypingPaths":["/home/t-uchida/.cache/typescript/4.6/node_modules/@types/react/index.d.ts","/home/t-uchida/.cache/typescript/4.6/node_modules/@types/react-dom/index.d.ts"],"newTypingNames":["react-scripts"],"filesToWatch":["/home/t-uchida/projects/sandbox/react-tutorial/src/bower_components","/home/t-uchida/projects/sandbox/react-tutorial/src/package.json","/home/t-uchida/projects/sandbox/react-tutorial/src/node_modules"]}
[08:27:51.709] Finished typings discovery: {"cachedTypingPaths":["/home/t-uchida/.cache/typescript/4.6/node_modules/@types/react/index.d.ts","/home/t-uchida/.cache/typescript/4.6/node_modules/@types/react-dom/index.d.ts"],"newTypingNames":["react-scripts"],"filesToWatch":["/home/t-uchida/projects/sandbox/react-tutorial/src/bower_components","/home/t-uchida/projects/sandbox/react-tutorial/src/package.json","/home/t-uchida/projects/sandbox/react-tutorial/src/node_modules"]}
[08:27:51.710] Installing typings ["react-scripts"]
[08:27:51.711] 'react-scripts':: Entry for package 'react-scripts' does not exist in local types registry - skipping...
[08:27:51.711] All typings are known to be missing or invalid - no need to install more typings
[08:27:51.711] Sending response:
    {"projectName":"/dev/null/inferredProject1*","typeAcquisition":{"enable":true,"include":[],"exclude":[]},"compilerOptions":{"module":1,"target":3,"jsx":1,"allowJs":true,"allowSyntheticDefaultImports":true,"allowNonTsExtensions":true,"noEmitForJsFiles":true,"maxNodeModuleJsDepth":2},"typings":["/home/t-uchida/.cache/typescript/4.6/node_modules/@types/react/index.d.ts","/home/t-uchida/.cache/typescript/4.6/node_modules/@types/react-dom/index.d.ts"],"unresolvedImports":[],"kind":"action::set"}
[08:27:51.711] Response has been sent.
