[08:20:00.955] Global cache location '/home/t-uchida/.cache/typescript/4.6', safe file path '/home/t-uchida/Dropbox/dotfiles/.emacs.d/.cache/lsp/npm/typescript/lib/node_modules/typescript/lib/typingSafeList.json', types map path /home/t-uchida/Dropbox/dotfiles/.emacs.d/.cache/lsp/npm/typescript/lib/node_modules/typescript/lib/typesMap.json
[08:20:00.958] Processing cache location '/home/t-uchida/.cache/typescript/4.6'
[08:20:00.958] Trying to find '/home/t-uchida/.cache/typescript/4.6/package.json'...
[08:20:00.961] Loaded content of '/home/t-uchida/.cache/typescript/4.6/package.json': {"private":true,"dependencies":{"types-registry":"^0.1.632"},"devDependencies":{"@types/react":"^18.0.28","@types/react-dom":"^18.0.11"}}
[08:20:00.962] Loaded content of '/home/t-uchida/.cache/typescript/4.6/package-lock.json'
[08:20:01.006] Adding entry into typings cache: 'react' => '/home/t-uchida/.cache/typescript/4.6/node_modules/@types/react/index.d.ts'
[08:20:01.010] Adding entry into typings cache: 'react-dom' => '/home/t-uchida/.cache/typescript/4.6/node_modules/@types/react-dom/index.d.ts'
[08:20:01.010] Finished processing cache location '/home/t-uchida/.cache/typescript/4.6'
[08:20:01.011] Process id: 15162
[08:20:01.011] NPM location: /home/t-uchida/.nvm/versions/node/v16.15.0/bin/npm (explicit '--npmLocation' not  provided)
[08:20:01.011] validateDefaultNpmLocation: false
[08:20:01.012] Npm config file: /home/t-uchida/.cache/typescript/4.6/package.json
[08:20:01.012] Updating types-registry npm package...
[08:20:01.012] Exec: /home/t-uchida/.nvm/versions/node/v16.15.0/bin/npm install --ignore-scripts types-registry@latest
[08:20:02.743]     Succeeded. stdout:
    
    up to date, audited 7 packages in 816ms

found 0 vulnerabilities

[08:20:02.744] Updated types-registry npm package
[08:20:05.145] Got install request {"projectName":"/dev/null/inferredProject1*","fileNames":["/home/t-uchida/Dropbox/dotfiles/.emacs.d/.cache/lsp/npm/typescript/lib/node_modules/typescript/lib/lib.es5.d.ts","/home/t-uchida/Dropbox/dotfiles/.emacs.d/.cache/lsp/npm/typescript/lib/node_modules/typescript/lib/lib.es2015.d.ts","/home/t-uchida/Dropbox/dotfiles/.emacs.d/.cache/lsp/npm/typescript/lib/node_modules/typescript/lib/lib.es2016.d.ts","/home/t-uchida/Dropbox/dotfiles/.emacs.d/.cache/lsp/npm/typescript/lib/node_modules/typescript/lib/lib.dom.d.ts","/home/t-uchida/Dropbox/dotfiles/.emacs.d/.cache/lsp/npm/typescript/lib/node_modules/typescript/lib/lib.dom.iterable.d.ts","/home/t-uchida/Dropbox/dotfiles/.emacs.d/.cache/lsp/npm/typescript/lib/node_modules/typescript/lib/lib.webworker.importscripts.d.ts","/home/t-uchida/Dropbox/dotfiles/.emacs.d/.cache/lsp/npm/typescript/lib/node_modules/typescript/lib/lib.scripthost.d.ts","/home/t-uchida/Dropbox/dotfiles/.emacs.d/.cache/lsp/npm/typescript/lib/node_modules/typescript/lib/lib.es2015.core.d.ts","/home/t-uchida/Dropbox/dotfiles/.emacs.d/.cache/lsp/npm/typescript/lib/node_modules/typescript/lib/lib.es2015.collection.d.ts","/home/t-uchida/Dropbox/dotfiles/.emacs.d/.cache/lsp/npm/typescript/lib/node_modules/typescript/lib/lib.es2015.generator.d.ts","/home/t-uchida/Dropbox/dotfiles/.emacs.d/.cache/lsp/npm/typescript/lib/node_modules/typescript/lib/lib.es2015.iterable.d.ts","/home/t-uchida/Dropbox/dotfiles/.emacs.d/.cache/lsp/npm/typescript/lib/node_modules/typescript/lib/lib.es2015.promise.d.ts","/home/t-uchida/Dropbox/dotfiles/.emacs.d/.cache/lsp/npm/typescript/lib/node_modules/typescript/lib/lib.es2015.proxy.d.ts","/home/t-uchida/Dropbox/dotfiles/.emacs.d/.cache/lsp/npm/typescript/lib/node_modules/typescript/lib/lib.es2015.reflect.d.ts","/home/t-uchida/Dropbox/dotfiles/.emacs.d/.cache/lsp/npm/typescript/lib/node_modules/typescript/lib/lib.es2015.symbol.d.ts","/home/t-uchida/Dropbox/dotfiles/.emacs.d/.cache/lsp/npm/typescript/lib/node_modules/typescript/lib/lib.es2015.symbol.wellknown.d.ts","/home/t-uchida/Dropbox/dotfiles/.emacs.d/.cache/lsp/npm/typescript/lib/node_modules/typescript/lib/lib.es2016.array.include.d.ts","/home/t-uchida/Dropbox/dotfiles/.emacs.d/.cache/lsp/npm/typescript/lib/node_modules/typescript/lib/lib.es2016.full.d.ts","/home/t-uchida/projects/sandbox/react-tutorial/src/App.js"],"compilerOptions":{"module":1,"target":3,"jsx":1,"allowJs":true,"allowSyntheticDefaultImports":true,"allowNonTsExtensions":true,"noEmitForJsFiles":true,"maxNodeModuleJsDepth":2},"typeAcquisition":{"enable":true,"include":[],"exclude":[]},"unresolvedImports":[],"projectRootPath":"/home/t-uchida/projects/sandbox/react-tutorial/src","kind":"discover"}
[08:20:05.183] Loaded safelist from types map file '/home/t-uchida/Dropbox/dotfiles/.emacs.d/.cache/lsp/npm/typescript/lib/node_modules/typescript/lib/typesMap.json'
[08:20:05.184] Explicitly included types: []
[08:20:05.186] Typing names in '/home/t-uchida/projects/sandbox/react-tutorial/src/package.json' dependencies: ["react","react-dom","react-scripts"]
[08:20:05.186] Inferred typings from unresolved imports: []
[08:20:05.187] Result: {"cachedTypingPaths":["/home/t-uchida/.cache/typescript/4.6/node_modules/@types/react/index.d.ts","/home/t-uchida/.cache/typescript/4.6/node_modules/@types/react-dom/index.d.ts"],"newTypingNames":["react-scripts"],"filesToWatch":["/home/t-uchida/projects/sandbox/react-tutorial/src/bower_components","/home/t-uchida/projects/sandbox/react-tutorial/src/package.json","/home/t-uchida/projects/sandbox/react-tutorial/src/node_modules"]}
[08:20:05.187] Finished typings discovery: {"cachedTypingPaths":["/home/t-uchida/.cache/typescript/4.6/node_modules/@types/react/index.d.ts","/home/t-uchida/.cache/typescript/4.6/node_modules/@types/react-dom/index.d.ts"],"newTypingNames":["react-scripts"],"filesToWatch":["/home/t-uchida/projects/sandbox/react-tutorial/src/bower_components","/home/t-uchida/projects/sandbox/react-tutorial/src/package.json","/home/t-uchida/projects/sandbox/react-tutorial/src/node_modules"]}
[08:20:05.188] DirectoryWatcher:: Added:: WatchInfo: /home/t-uchida/projects/sandbox/react-tutorial/src/bower_components
[08:20:05.189] DirectoryWatcher:: Added:: WatchInfo: /home/t-uchida/projects/sandbox/react-tutorial/src/bower_components 1 undefined Project: /dev/null/inferredProject1* watcher already invoked: false
[08:20:05.193] Elapsed:: 3.5223050005733967ms DirectoryWatcher:: Added:: WatchInfo: /home/t-uchida/projects/sandbox/react-tutorial/src/bower_components 1 undefined Project: /dev/null/inferredProject1* watcher already invoked: false
[08:20:05.193] FileWatcher:: Added:: WatchInfo: /home/t-uchida/projects/sandbox/react-tutorial/src/package.json
[08:20:05.193] FileWatcher:: Added:: WatchInfo: /home/t-uchida/projects/sandbox/react-tutorial/src/package.json 2000 undefined Project: /dev/null/inferredProject1* watcher already invoked: false
[08:20:05.194] DirectoryWatcher:: Added:: WatchInfo: /home/t-uchida/projects/sandbox/react-tutorial/src/node_modules
[08:20:05.194] DirectoryWatcher:: Added:: WatchInfo: /home/t-uchida/projects/sandbox/react-tutorial/src/node_modules 1 undefined Project: /dev/null/inferredProject1* watcher already invoked: false
[08:20:05.194] Elapsed:: 0.24668899923563004ms DirectoryWatcher:: Added:: WatchInfo: /home/t-uchida/projects/sandbox/react-tutorial/src/node_modules 1 undefined Project: /dev/null/inferredProject1* watcher already invoked: false
[08:20:05.195] Installing typings ["react-scripts"]
[08:20:05.195] 'react-scripts':: Entry for package 'react-scripts' does not exist in local types registry - skipping...
[08:20:05.195] All typings are known to be missing or invalid - no need to install more typings
[08:20:05.195] Sending response:
    {"projectName":"/dev/null/inferredProject1*","typeAcquisition":{"enable":true,"include":[],"exclude":[]},"compilerOptions":{"module":1,"target":3,"jsx":1,"allowJs":true,"allowSyntheticDefaultImports":true,"allowNonTsExtensions":true,"noEmitForJsFiles":true,"maxNodeModuleJsDepth":2},"typings":["/home/t-uchida/.cache/typescript/4.6/node_modules/@types/react/index.d.ts","/home/t-uchida/.cache/typescript/4.6/node_modules/@types/react-dom/index.d.ts"],"unresolvedImports":[],"kind":"action::set"}
[08:20:05.196] Response has been sent.
[08:20:05.566] Got install request {"projectName":"/dev/null/inferredProject1*","fileNames":["/home/t-uchida/Dropbox/dotfiles/.emacs.d/.cache/lsp/npm/typescript/lib/node_modules/typescript/lib/lib.es5.d.ts","/home/t-uchida/Dropbox/dotfiles/.emacs.d/.cache/lsp/npm/typescript/lib/node_modules/typescript/lib/lib.es2015.d.ts","/home/t-uchida/Dropbox/dotfiles/.emacs.d/.cache/lsp/npm/typescript/lib/node_modules/typescript/lib/lib.es2016.d.ts","/home/t-uchida/Dropbox/dotfiles/.emacs.d/.cache/lsp/npm/typescript/lib/node_modules/typescript/lib/lib.dom.d.ts","/home/t-uchida/Dropbox/dotfiles/.emacs.d/.cache/lsp/npm/typescript/lib/node_modules/typescript/lib/lib.dom.iterable.d.ts","/home/t-uchida/Dropbox/dotfiles/.emacs.d/.cache/lsp/npm/typescript/lib/node_modules/typescript/lib/lib.webworker.importscripts.d.ts","/home/t-uchida/Dropbox/dotfiles/.emacs.d/.cache/lsp/npm/typescript/lib/node_modules/typescript/lib/lib.scripthost.d.ts","/home/t-uchida/Dropbox/dotfiles/.emacs.d/.cache/lsp/npm/typescript/lib/node_modules/typescript/lib/lib.es2015.core.d.ts","/home/t-uchida/Dropbox/dotfiles/.emacs.d/.cache/lsp/npm/typescript/lib/node_modules/typescript/lib/lib.es2015.collection.d.ts","/home/t-uchida/Dropbox/dotfiles/.emacs.d/.cache/lsp/npm/typescript/lib/node_modules/typescript/lib/lib.es2015.generator.d.ts","/home/t-uchida/Dropbox/dotfiles/.emacs.d/.cache/lsp/npm/typescript/lib/node_modules/typescript/lib/lib.es2015.iterable.d.ts","/home/t-uchida/Dropbox/dotfiles/.emacs.d/.cache/lsp/npm/typescript/lib/node_modules/typescript/lib/lib.es2015.promise.d.ts","/home/t-uchida/Dropbox/dotfiles/.emacs.d/.cache/lsp/npm/typescript/lib/node_modules/typescript/lib/lib.es2015.proxy.d.ts","/home/t-uchida/Dropbox/dotfiles/.emacs.d/.cache/lsp/npm/typescript/lib/node_modules/typescript/lib/lib.es2015.reflect.d.ts","/home/t-uchida/Dropbox/dotfiles/.emacs.d/.cache/lsp/npm/typescript/lib/node_modules/typescript/lib/lib.es2015.symbol.d.ts","/home/t-uchida/Dropbox/dotfiles/.emacs.d/.cache/lsp/npm/typescript/lib/node_modules/typescript/lib/lib.es2015.symbol.wellknown.d.ts","/home/t-uchida/Dropbox/dotfiles/.emacs.d/.cache/lsp/npm/typescript/lib/node_modules/typescript/lib/lib.es2016.array.include.d.ts","/home/t-uchida/Dropbox/dotfiles/.emacs.d/.cache/lsp/npm/typescript/lib/node_modules/typescript/lib/lib.es2016.full.d.ts","/home/t-uchida/.cache/typescript/4.6/node_modules/@types/react/global.d.ts","/home/t-uchida/.cache/typescript/4.6/node_modules/@types/react/index.d.ts","/home/t-uchida/projects/sandbox/react-tutorial/src/App.js","/home/t-uchida/.cache/typescript/4.6/node_modules/@types/react-dom/index.d.ts"],"compilerOptions":{"module":1,"target":3,"jsx":1,"allowJs":true,"allowSyntheticDefaultImports":true,"allowNonTsExtensions":true,"noEmitForJsFiles":true,"maxNodeModuleJsDepth":2},"typeAcquisition":{"enable":true,"include":[],"exclude":[]},"unresolvedImports":[],"projectRootPath":"/home/t-uchida/projects/sandbox/react-tutorial/src","kind":"discover"}
[08:20:05.566] Explicitly included types: []
[08:20:05.568] Typing names in '/home/t-uchida/projects/sandbox/react-tutorial/src/package.json' dependencies: ["react","react-dom","react-scripts"]
[08:20:05.568] Inferred typings from unresolved imports: []
[08:20:05.568] Result: {"cachedTypingPaths":["/home/t-uchida/.cache/typescript/4.6/node_modules/@types/react/index.d.ts","/home/t-uchida/.cache/typescript/4.6/node_modules/@types/react-dom/index.d.ts"],"newTypingNames":["react-scripts"],"filesToWatch":["/home/t-uchida/projects/sandbox/react-tutorial/src/bower_components","/home/t-uchida/projects/sandbox/react-tutorial/src/package.json","/home/t-uchida/projects/sandbox/react-tutorial/src/node_modules"]}
[08:20:05.568] Finished typings discovery: {"cachedTypingPaths":["/home/t-uchida/.cache/typescript/4.6/node_modules/@types/react/index.d.ts","/home/t-uchida/.cache/typescript/4.6/node_modules/@types/react-dom/index.d.ts"],"newTypingNames":["react-scripts"],"filesToWatch":["/home/t-uchida/projects/sandbox/react-tutorial/src/bower_components","/home/t-uchida/projects/sandbox/react-tutorial/src/package.json","/home/t-uchida/projects/sandbox/react-tutorial/src/node_modules"]}
[08:20:05.569] Installing typings ["react-scripts"]
[08:20:05.569] 'react-scripts':: Entry for package 'react-scripts' does not exist in local types registry - skipping...
[08:20:05.570] All typings are known to be missing or invalid - no need to install more typings
[08:20:05.570] Sending response:
    {"projectName":"/dev/null/inferredProject1*","typeAcquisition":{"enable":true,"include":[],"exclude":[]},"compilerOptions":{"module":1,"target":3,"jsx":1,"allowJs":true,"allowSyntheticDefaultImports":true,"allowNonTsExtensions":true,"noEmitForJsFiles":true,"maxNodeModuleJsDepth":2},"typings":["/home/t-uchida/.cache/typescript/4.6/node_modules/@types/react/index.d.ts","/home/t-uchida/.cache/typescript/4.6/node_modules/@types/react-dom/index.d.ts"],"unresolvedImports":[],"kind":"action::set"}
[08:20:05.570] Response has been sent.
