[23:15:00.106] Global cache location '/home/t-uchida/.cache/typescript/4.6', safe file path '/home/t-uchida/Dropbox/dotfiles/.emacs.d/.cache/lsp/npm/typescript/lib/node_modules/typescript/lib/typingSafeList.json', types map path /home/t-uchida/Dropbox/dotfiles/.emacs.d/.cache/lsp/npm/typescript/lib/node_modules/typescript/lib/typesMap.json
[23:15:00.107] Processing cache location '/home/t-uchida/.cache/typescript/4.6'
[23:15:00.107] Trying to find '/home/t-uchida/.cache/typescript/4.6/package.json'...
[23:15:00.111] Loaded content of '/home/t-uchida/.cache/typescript/4.6/package.json': {"private":true,"dependencies":{"types-registry":"^0.1.629"}}
[23:15:00.111] Loaded content of '/home/t-uchida/.cache/typescript/4.6/package-lock.json'
[23:15:00.111] Finished processing cache location '/home/t-uchida/.cache/typescript/4.6'
[23:15:00.111] Process id: 3005
[23:15:00.111] NPM location: /home/t-uchida/.nvm/versions/node/v16.15.0/bin/npm (explicit '--npmLocation' not  provided)
[23:15:00.111] validateDefaultNpmLocation: false
[23:15:00.112] Npm config file: /home/t-uchida/.cache/typescript/4.6/package.json
[23:15:00.112] Updating types-registry npm package...
[23:15:00.112] Exec: /home/t-uchida/.nvm/versions/node/v16.15.0/bin/npm install --ignore-scripts types-registry@latest
[23:15:02.041]     Succeeded. stdout:
    
    changed 1 package, and audited 2 packages in 1s

found 0 vulnerabilities

[23:15:02.041] Updated types-registry npm package
[23:15:03.635] Got install request {"projectName":"/dev/null/inferredProject1*","fileNames":["/home/t-uchida/Dropbox/dotfiles/.emacs.d/.cache/lsp/npm/typescript/lib/node_modules/typescript/lib/lib.es5.d.ts","/home/t-uchida/Dropbox/dotfiles/.emacs.d/.cache/lsp/npm/typescript/lib/node_modules/typescript/lib/lib.es2015.d.ts","/home/t-uchida/Dropbox/dotfiles/.emacs.d/.cache/lsp/npm/typescript/lib/node_modules/typescript/lib/lib.es2016.d.ts","/home/t-uchida/Dropbox/dotfiles/.emacs.d/.cache/lsp/npm/typescript/lib/node_modules/typescript/lib/lib.dom.d.ts","/home/t-uchida/Dropbox/dotfiles/.emacs.d/.cache/lsp/npm/typescript/lib/node_modules/typescript/lib/lib.dom.iterable.d.ts","/home/t-uchida/Dropbox/dotfiles/.emacs.d/.cache/lsp/npm/typescript/lib/node_modules/typescript/lib/lib.webworker.importscripts.d.ts","/home/t-uchida/Dropbox/dotfiles/.emacs.d/.cache/lsp/npm/typescript/lib/node_modules/typescript/lib/lib.scripthost.d.ts","/home/t-uchida/Dropbox/dotfiles/.emacs.d/.cache/lsp/npm/typescript/lib/node_modules/typescript/lib/lib.es2015.core.d.ts","/home/t-uchida/Dropbox/dotfiles/.emacs.d/.cache/lsp/npm/typescript/lib/node_modules/typescript/lib/lib.es2015.collection.d.ts","/home/t-uchida/Dropbox/dotfiles/.emacs.d/.cache/lsp/npm/typescript/lib/node_modules/typescript/lib/lib.es2015.generator.d.ts","/home/t-uchida/Dropbox/dotfiles/.emacs.d/.cache/lsp/npm/typescript/lib/node_modules/typescript/lib/lib.es2015.iterable.d.ts","/home/t-uchida/Dropbox/dotfiles/.emacs.d/.cache/lsp/npm/typescript/lib/node_modules/typescript/lib/lib.es2015.promise.d.ts","/home/t-uchida/Dropbox/dotfiles/.emacs.d/.cache/lsp/npm/typescript/lib/node_modules/typescript/lib/lib.es2015.proxy.d.ts","/home/t-uchida/Dropbox/dotfiles/.emacs.d/.cache/lsp/npm/typescript/lib/node_modules/typescript/lib/lib.es2015.reflect.d.ts","/home/t-uchida/Dropbox/dotfiles/.emacs.d/.cache/lsp/npm/typescript/lib/node_modules/typescript/lib/lib.es2015.symbol.d.ts","/home/t-uchida/Dropbox/dotfiles/.emacs.d/.cache/lsp/npm/typescript/lib/node_modules/typescript/lib/lib.es2015.symbol.wellknown.d.ts","/home/t-uchida/Dropbox/dotfiles/.emacs.d/.cache/lsp/npm/typescript/lib/node_modules/typescript/lib/lib.es2016.array.include.d.ts","/home/t-uchida/Dropbox/dotfiles/.emacs.d/.cache/lsp/npm/typescript/lib/node_modules/typescript/lib/lib.es2016.full.d.ts","/home/t-uchida/projects/sandbox/react-tutorial/src/App.js"],"compilerOptions":{"module":1,"target":3,"jsx":1,"allowJs":true,"allowSyntheticDefaultImports":true,"allowNonTsExtensions":true,"noEmitForJsFiles":true,"maxNodeModuleJsDepth":2},"typeAcquisition":{"enable":true,"include":[],"exclude":[]},"unresolvedImports":[],"projectRootPath":"/home/t-uchida/projects/sandbox/react-tutorial/src","kind":"discover"}
[23:15:03.690] Loaded safelist from types map file '/home/t-uchida/Dropbox/dotfiles/.emacs.d/.cache/lsp/npm/typescript/lib/node_modules/typescript/lib/typesMap.json'
[23:15:03.691] Explicitly included types: []
[23:15:03.693] Typing names in '/home/t-uchida/projects/sandbox/react-tutorial/src/package.json' dependencies: ["react","react-dom","react-scripts"]
[23:15:03.694] Inferred typings from unresolved imports: []
[23:15:03.694] Result: {"cachedTypingPaths":[],"newTypingNames":["react","react-dom","react-scripts"],"filesToWatch":["/home/t-uchida/projects/sandbox/react-tutorial/src/bower_components","/home/t-uchida/projects/sandbox/react-tutorial/src/package.json","/home/t-uchida/projects/sandbox/react-tutorial/src/node_modules"]}
[23:15:03.694] Finished typings discovery: {"cachedTypingPaths":[],"newTypingNames":["react","react-dom","react-scripts"],"filesToWatch":["/home/t-uchida/projects/sandbox/react-tutorial/src/bower_components","/home/t-uchida/projects/sandbox/react-tutorial/src/package.json","/home/t-uchida/projects/sandbox/react-tutorial/src/node_modules"]}
[23:15:03.695] DirectoryWatcher:: Added:: WatchInfo: /home/t-uchida/projects/sandbox/react-tutorial/src/bower_components
[23:15:03.696] DirectoryWatcher:: Added:: WatchInfo: /home/t-uchida/projects/sandbox/react-tutorial/src/bower_components 1 undefined Project: /dev/null/inferredProject1* watcher already invoked: false
[23:15:03.699] Elapsed:: 3.059856000356376ms DirectoryWatcher:: Added:: WatchInfo: /home/t-uchida/projects/sandbox/react-tutorial/src/bower_components 1 undefined Project: /dev/null/inferredProject1* watcher already invoked: false
[23:15:03.699] FileWatcher:: Added:: WatchInfo: /home/t-uchida/projects/sandbox/react-tutorial/src/package.json
[23:15:03.699] FileWatcher:: Added:: WatchInfo: /home/t-uchida/projects/sandbox/react-tutorial/src/package.json 2000 undefined Project: /dev/null/inferredProject1* watcher already invoked: false
[23:15:03.700] DirectoryWatcher:: Added:: WatchInfo: /home/t-uchida/projects/sandbox/react-tutorial/src/node_modules
[23:15:03.700] DirectoryWatcher:: Added:: WatchInfo: /home/t-uchida/projects/sandbox/react-tutorial/src/node_modules 1 undefined Project: /dev/null/inferredProject1* watcher already invoked: false
[23:15:03.700] Elapsed:: 0.4648830001242459ms DirectoryWatcher:: Added:: WatchInfo: /home/t-uchida/projects/sandbox/react-tutorial/src/node_modules 1 undefined Project: /dev/null/inferredProject1* watcher already invoked: false
[23:15:03.701] Installing typings ["react","react-dom","react-scripts"]
[23:15:03.701] 'react-scripts':: Entry for package 'react-scripts' does not exist in local types registry - skipping...
[23:15:03.701] Npm config file: /home/t-uchida/.cache/typescript/4.6/package.json
[23:15:03.702] Sending response:
    {"kind":"event::beginInstallTypes","eventId":1,"typingsInstallerVersion":"4.6.4","projectName":"/dev/null/inferredProject1*"}
[23:15:03.703] Response has been sent.
[23:15:03.703] #1 with arguments'["@types/react@ts4.6","@types/react-dom@ts4.6"]'.
[23:15:03.703] Exec: /home/t-uchida/.nvm/versions/node/v16.15.0/bin/npm install --ignore-scripts @types/react@ts4.6 @types/react-dom@ts4.6 --save-dev --user-agent="typesInstaller/4.6.4"
[23:15:05.779]     Succeeded. stdout:
    
    added 5 packages, and audited 7 packages in 1s

found 0 vulnerabilities

[23:15:05.779] npm install #1 took: 2076 ms
[23:15:05.779] Installed typings ["@types/react@ts4.6","@types/react-dom@ts4.6"]
[23:15:05.795] Installed typing files ["/home/t-uchida/.cache/typescript/4.6/node_modules/@types/react/index.d.ts","/home/t-uchida/.cache/typescript/4.6/node_modules/@types/react-dom/index.d.ts"]
[23:15:05.796] Sending response:
    {"projectName":"/dev/null/inferredProject1*","typeAcquisition":{"enable":true,"include":[],"exclude":[]},"compilerOptions":{"module":1,"target":3,"jsx":1,"allowJs":true,"allowSyntheticDefaultImports":true,"allowNonTsExtensions":true,"noEmitForJsFiles":true,"maxNodeModuleJsDepth":2},"typings":["/home/t-uchida/.cache/typescript/4.6/node_modules/@types/react/index.d.ts","/home/t-uchida/.cache/typescript/4.6/node_modules/@types/react-dom/index.d.ts"],"unresolvedImports":[],"kind":"action::set"}
[23:15:05.796] Response has been sent.
[23:15:05.796] Sending response:
    {"kind":"event::endInstallTypes","eventId":1,"projectName":"/dev/null/inferredProject1*","packagesToInstall":["@types/react@ts4.6","@types/react-dom@ts4.6"],"installSuccess":true,"typingsInstallerVersion":"4.6.4"}
[23:15:05.797] Response has been sent.
[23:15:06.612] Got install request {"projectName":"/dev/null/inferredProject1*","fileNames":["/home/t-uchida/Dropbox/dotfiles/.emacs.d/.cache/lsp/npm/typescript/lib/node_modules/typescript/lib/lib.es5.d.ts","/home/t-uchida/Dropbox/dotfiles/.emacs.d/.cache/lsp/npm/typescript/lib/node_modules/typescript/lib/lib.es2015.d.ts","/home/t-uchida/Dropbox/dotfiles/.emacs.d/.cache/lsp/npm/typescript/lib/node_modules/typescript/lib/lib.es2016.d.ts","/home/t-uchida/Dropbox/dotfiles/.emacs.d/.cache/lsp/npm/typescript/lib/node_modules/typescript/lib/lib.dom.d.ts","/home/t-uchida/Dropbox/dotfiles/.emacs.d/.cache/lsp/npm/typescript/lib/node_modules/typescript/lib/lib.dom.iterable.d.ts","/home/t-uchida/Dropbox/dotfiles/.emacs.d/.cache/lsp/npm/typescript/lib/node_modules/typescript/lib/lib.webworker.importscripts.d.ts","/home/t-uchida/Dropbox/dotfiles/.emacs.d/.cache/lsp/npm/typescript/lib/node_modules/typescript/lib/lib.scripthost.d.ts","/home/t-uchida/Dropbox/dotfiles/.emacs.d/.cache/lsp/npm/typescript/lib/node_modules/typescript/lib/lib.es2015.core.d.ts","/home/t-uchida/Dropbox/dotfiles/.emacs.d/.cache/lsp/npm/typescript/lib/node_modules/typescript/lib/lib.es2015.collection.d.ts","/home/t-uchida/Dropbox/dotfiles/.emacs.d/.cache/lsp/npm/typescript/lib/node_modules/typescript/lib/lib.es2015.generator.d.ts","/home/t-uchida/Dropbox/dotfiles/.emacs.d/.cache/lsp/npm/typescript/lib/node_modules/typescript/lib/lib.es2015.iterable.d.ts","/home/t-uchida/Dropbox/dotfiles/.emacs.d/.cache/lsp/npm/typescript/lib/node_modules/typescript/lib/lib.es2015.promise.d.ts","/home/t-uchida/Dropbox/dotfiles/.emacs.d/.cache/lsp/npm/typescript/lib/node_modules/typescript/lib/lib.es2015.proxy.d.ts","/home/t-uchida/Dropbox/dotfiles/.emacs.d/.cache/lsp/npm/typescript/lib/node_modules/typescript/lib/lib.es2015.reflect.d.ts","/home/t-uchida/Dropbox/dotfiles/.emacs.d/.cache/lsp/npm/typescript/lib/node_modules/typescript/lib/lib.es2015.symbol.d.ts","/home/t-uchida/Dropbox/dotfiles/.emacs.d/.cache/lsp/npm/typescript/lib/node_modules/typescript/lib/lib.es2015.symbol.wellknown.d.ts","/home/t-uchida/Dropbox/dotfiles/.emacs.d/.cache/lsp/npm/typescript/lib/node_modules/typescript/lib/lib.es2016.array.include.d.ts","/home/t-uchida/Dropbox/dotfiles/.emacs.d/.cache/lsp/npm/typescript/lib/node_modules/typescript/lib/lib.es2016.full.d.ts","/home/t-uchida/projects/sandbox/react-tutorial/src/App.js","/home/t-uchida/.cache/typescript/4.6/node_modules/@types/react/global.d.ts","/home/t-uchida/.cache/typescript/4.6/node_modules/@types/react/index.d.ts","/home/t-uchida/.cache/typescript/4.6/node_modules/@types/react-dom/index.d.ts"],"compilerOptions":{"module":1,"target":3,"jsx":1,"allowJs":true,"allowSyntheticDefaultImports":true,"allowNonTsExtensions":true,"noEmitForJsFiles":true,"maxNodeModuleJsDepth":2},"typeAcquisition":{"enable":true,"include":[],"exclude":[]},"unresolvedImports":[],"projectRootPath":"/home/t-uchida/projects/sandbox/react-tutorial/src","kind":"discover"}
[23:15:06.612] Explicitly included types: []
[23:15:06.613] Typing names in '/home/t-uchida/projects/sandbox/react-tutorial/src/package.json' dependencies: ["react","react-dom","react-scripts"]
[23:15:06.613] Inferred typings from unresolved imports: []
[23:15:06.614] Result: {"cachedTypingPaths":["/home/t-uchida/.cache/typescript/4.6/node_modules/@types/react/index.d.ts","/home/t-uchida/.cache/typescript/4.6/node_modules/@types/react-dom/index.d.ts"],"newTypingNames":["react-scripts"],"filesToWatch":["/home/t-uchida/projects/sandbox/react-tutorial/src/bower_components","/home/t-uchida/projects/sandbox/react-tutorial/src/package.json","/home/t-uchida/projects/sandbox/react-tutorial/src/node_modules"]}
[23:15:06.614] Finished typings discovery: {"cachedTypingPaths":["/home/t-uchida/.cache/typescript/4.6/node_modules/@types/react/index.d.ts","/home/t-uchida/.cache/typescript/4.6/node_modules/@types/react-dom/index.d.ts"],"newTypingNames":["react-scripts"],"filesToWatch":["/home/t-uchida/projects/sandbox/react-tutorial/src/bower_components","/home/t-uchida/projects/sandbox/react-tutorial/src/package.json","/home/t-uchida/projects/sandbox/react-tutorial/src/node_modules"]}
[23:15:06.615] Installing typings ["react-scripts"]
[23:15:06.615] 'react-scripts':: Entry for package 'react-scripts' does not exist in local types registry - skipping...
[23:15:06.615] All typings are known to be missing or invalid - no need to install more typings
[23:15:06.615] Sending response:
    {"projectName":"/dev/null/inferredProject1*","typeAcquisition":{"enable":true,"include":[],"exclude":[]},"compilerOptions":{"module":1,"target":3,"jsx":1,"allowJs":true,"allowSyntheticDefaultImports":true,"allowNonTsExtensions":true,"noEmitForJsFiles":true,"maxNodeModuleJsDepth":2},"typings":["/home/t-uchida/.cache/typescript/4.6/node_modules/@types/react/index.d.ts","/home/t-uchida/.cache/typescript/4.6/node_modules/@types/react-dom/index.d.ts"],"unresolvedImports":[],"kind":"action::set"}
[23:15:06.615] Response has been sent.
[23:15:27.191] Got install request {"projectName":"/dev/null/inferredProject1*","fileNames":["/home/t-uchida/Dropbox/dotfiles/.emacs.d/.cache/lsp/npm/typescript/lib/node_modules/typescript/lib/lib.es5.d.ts","/home/t-uchida/Dropbox/dotfiles/.emacs.d/.cache/lsp/npm/typescript/lib/node_modules/typescript/lib/lib.es2015.d.ts","/home/t-uchida/Dropbox/dotfiles/.emacs.d/.cache/lsp/npm/typescript/lib/node_modules/typescript/lib/lib.es2016.d.ts","/home/t-uchida/Dropbox/dotfiles/.emacs.d/.cache/lsp/npm/typescript/lib/node_modules/typescript/lib/lib.dom.d.ts","/home/t-uchida/Dropbox/dotfiles/.emacs.d/.cache/lsp/npm/typescript/lib/node_modules/typescript/lib/lib.dom.iterable.d.ts","/home/t-uchida/Dropbox/dotfiles/.emacs.d/.cache/lsp/npm/typescript/lib/node_modules/typescript/lib/lib.webworker.importscripts.d.ts","/home/t-uchida/Dropbox/dotfiles/.emacs.d/.cache/lsp/npm/typescript/lib/node_modules/typescript/lib/lib.scripthost.d.ts","/home/t-uchida/Dropbox/dotfiles/.emacs.d/.cache/lsp/npm/typescript/lib/node_modules/typescript/lib/lib.es2015.core.d.ts","/home/t-uchida/Dropbox/dotfiles/.emacs.d/.cache/lsp/npm/typescript/lib/node_modules/typescript/lib/lib.es2015.collection.d.ts","/home/t-uchida/Dropbox/dotfiles/.emacs.d/.cache/lsp/npm/typescript/lib/node_modules/typescript/lib/lib.es2015.generator.d.ts","/home/t-uchida/Dropbox/dotfiles/.emacs.d/.cache/lsp/npm/typescript/lib/node_modules/typescript/lib/lib.es2015.iterable.d.ts","/home/t-uchida/Dropbox/dotfiles/.emacs.d/.cache/lsp/npm/typescript/lib/node_modules/typescript/lib/lib.es2015.promise.d.ts","/home/t-uchida/Dropbox/dotfiles/.emacs.d/.cache/lsp/npm/typescript/lib/node_modules/typescript/lib/lib.es2015.proxy.d.ts","/home/t-uchida/Dropbox/dotfiles/.emacs.d/.cache/lsp/npm/typescript/lib/node_modules/typescript/lib/lib.es2015.reflect.d.ts","/home/t-uchida/Dropbox/dotfiles/.emacs.d/.cache/lsp/npm/typescript/lib/node_modules/typescript/lib/lib.es2015.symbol.d.ts","/home/t-uchida/Dropbox/dotfiles/.emacs.d/.cache/lsp/npm/typescript/lib/node_modules/typescript/lib/lib.es2015.symbol.wellknown.d.ts","/home/t-uchida/Dropbox/dotfiles/.emacs.d/.cache/lsp/npm/typescript/lib/node_modules/typescript/lib/lib.es2016.array.include.d.ts","/home/t-uchida/Dropbox/dotfiles/.emacs.d/.cache/lsp/npm/typescript/lib/node_modules/typescript/lib/lib.es2016.full.d.ts","/home/t-uchida/projects/sandbox/react-tutorial/src/App.js","/home/t-uchida/.cache/typescript/4.6/node_modules/@types/react/global.d.ts","/home/t-uchida/.cache/typescript/4.6/node_modules/@types/react/index.d.ts","/home/t-uchida/.cache/typescript/4.6/node_modules/@types/react-dom/index.d.ts"],"compilerOptions":{"module":1,"target":3,"jsx":1,"allowJs":true,"allowSyntheticDefaultImports":true,"allowNonTsExtensions":true,"noEmitForJsFiles":true,"maxNodeModuleJsDepth":2},"typeAcquisition":{"enable":true,"include":[],"exclude":[]},"unresolvedImports":["re"],"projectRootPath":"/home/t-uchida/projects/sandbox/react-tutorial/src","kind":"discover"}
[23:15:27.191] Explicitly included types: []
[23:15:27.192] Typing names in '/home/t-uchida/projects/sandbox/react-tutorial/src/package.json' dependencies: ["react","react-dom","react-scripts"]
[23:15:27.193] Inferred typings from unresolved imports: ["re"]
[23:15:27.193] Result: {"cachedTypingPaths":["/home/t-uchida/.cache/typescript/4.6/node_modules/@types/react/index.d.ts","/home/t-uchida/.cache/typescript/4.6/node_modules/@types/react-dom/index.d.ts"],"newTypingNames":["react-scripts","re"],"filesToWatch":["/home/t-uchida/projects/sandbox/react-tutorial/src/bower_components","/home/t-uchida/projects/sandbox/react-tutorial/src/package.json","/home/t-uchida/projects/sandbox/react-tutorial/src/node_modules"]}
[23:15:27.193] Finished typings discovery: {"cachedTypingPaths":["/home/t-uchida/.cache/typescript/4.6/node_modules/@types/react/index.d.ts","/home/t-uchida/.cache/typescript/4.6/node_modules/@types/react-dom/index.d.ts"],"newTypingNames":["react-scripts","re"],"filesToWatch":["/home/t-uchida/projects/sandbox/react-tutorial/src/bower_components","/home/t-uchida/projects/sandbox/react-tutorial/src/package.json","/home/t-uchida/projects/sandbox/react-tutorial/src/node_modules"]}
[23:15:27.194] Installing typings ["react-scripts","re"]
[23:15:27.194] 'react-scripts':: Entry for package 'react-scripts' does not exist in local types registry - skipping...
[23:15:27.194] 're':: Entry for package 're' does not exist in local types registry - skipping...
[23:15:27.194] All typings are known to be missing or invalid - no need to install more typings
[23:15:27.194] Sending response:
    {"projectName":"/dev/null/inferredProject1*","typeAcquisition":{"enable":true,"include":[],"exclude":[]},"compilerOptions":{"module":1,"target":3,"jsx":1,"allowJs":true,"allowSyntheticDefaultImports":true,"allowNonTsExtensions":true,"noEmitForJsFiles":true,"maxNodeModuleJsDepth":2},"typings":["/home/t-uchida/.cache/typescript/4.6/node_modules/@types/react/index.d.ts","/home/t-uchida/.cache/typescript/4.6/node_modules/@types/react-dom/index.d.ts"],"unresolvedImports":["re"],"kind":"action::set"}
[23:15:27.194] Response has been sent.
[23:15:28.011] Got install request {"projectName":"/dev/null/inferredProject1*","fileNames":["/home/t-uchida/Dropbox/dotfiles/.emacs.d/.cache/lsp/npm/typescript/lib/node_modules/typescript/lib/lib.es5.d.ts","/home/t-uchida/Dropbox/dotfiles/.emacs.d/.cache/lsp/npm/typescript/lib/node_modules/typescript/lib/lib.es2015.d.ts","/home/t-uchida/Dropbox/dotfiles/.emacs.d/.cache/lsp/npm/typescript/lib/node_modules/typescript/lib/lib.es2016.d.ts","/home/t-uchida/Dropbox/dotfiles/.emacs.d/.cache/lsp/npm/typescript/lib/node_modules/typescript/lib/lib.dom.d.ts","/home/t-uchida/Dropbox/dotfiles/.emacs.d/.cache/lsp/npm/typescript/lib/node_modules/typescript/lib/lib.dom.iterable.d.ts","/home/t-uchida/Dropbox/dotfiles/.emacs.d/.cache/lsp/npm/typescript/lib/node_modules/typescript/lib/lib.webworker.importscripts.d.ts","/home/t-uchida/Dropbox/dotfiles/.emacs.d/.cache/lsp/npm/typescript/lib/node_modules/typescript/lib/lib.scripthost.d.ts","/home/t-uchida/Dropbox/dotfiles/.emacs.d/.cache/lsp/npm/typescript/lib/node_modules/typescript/lib/lib.es2015.core.d.ts","/home/t-uchida/Dropbox/dotfiles/.emacs.d/.cache/lsp/npm/typescript/lib/node_modules/typescript/lib/lib.es2015.collection.d.ts","/home/t-uchida/Dropbox/dotfiles/.emacs.d/.cache/lsp/npm/typescript/lib/node_modules/typescript/lib/lib.es2015.generator.d.ts","/home/t-uchida/Dropbox/dotfiles/.emacs.d/.cache/lsp/npm/typescript/lib/node_modules/typescript/lib/lib.es2015.iterable.d.ts","/home/t-uchida/Dropbox/dotfiles/.emacs.d/.cache/lsp/npm/typescript/lib/node_modules/typescript/lib/lib.es2015.promise.d.ts","/home/t-uchida/Dropbox/dotfiles/.emacs.d/.cache/lsp/npm/typescript/lib/node_modules/typescript/lib/lib.es2015.proxy.d.ts","/home/t-uchida/Dropbox/dotfiles/.emacs.d/.cache/lsp/npm/typescript/lib/node_modules/typescript/lib/lib.es2015.reflect.d.ts","/home/t-uchida/Dropbox/dotfiles/.emacs.d/.cache/lsp/npm/typescript/lib/node_modules/typescript/lib/lib.es2015.symbol.d.ts","/home/t-uchida/Dropbox/dotfiles/.emacs.d/.cache/lsp/npm/typescript/lib/node_modules/typescript/lib/lib.es2015.symbol.wellknown.d.ts","/home/t-uchida/Dropbox/dotfiles/.emacs.d/.cache/lsp/npm/typescript/lib/node_modules/typescript/lib/lib.es2016.array.include.d.ts","/home/t-uchida/Dropbox/dotfiles/.emacs.d/.cache/lsp/npm/typescript/lib/node_modules/typescript/lib/lib.es2016.full.d.ts","/home/t-uchida/.cache/typescript/4.6/node_modules/@types/react/global.d.ts","/home/t-uchida/.cache/typescript/4.6/node_modules/@types/react/index.d.ts","/home/t-uchida/projects/sandbox/react-tutorial/src/App.js","/home/t-uchida/.cache/typescript/4.6/node_modules/@types/react-dom/index.d.ts"],"compilerOptions":{"module":1,"target":3,"jsx":1,"allowJs":true,"allowSyntheticDefaultImports":true,"allowNonTsExtensions":true,"noEmitForJsFiles":true,"maxNodeModuleJsDepth":2},"typeAcquisition":{"enable":true,"include":[],"exclude":[]},"unresolvedImports":[],"projectRootPath":"/home/t-uchida/projects/sandbox/react-tutorial/src","kind":"discover"}
[23:15:28.012] Explicitly included types: []
[23:15:28.013] Typing names in '/home/t-uchida/projects/sandbox/react-tutorial/src/package.json' dependencies: ["react","react-dom","react-scripts"]
[23:15:28.013] Inferred typings from unresolved imports: []
[23:15:28.013] Result: {"cachedTypingPaths":["/home/t-uchida/.cache/typescript/4.6/node_modules/@types/react/index.d.ts","/home/t-uchida/.cache/typescript/4.6/node_modules/@types/react-dom/index.d.ts"],"newTypingNames":["react-scripts"],"filesToWatch":["/home/t-uchida/projects/sandbox/react-tutorial/src/bower_components","/home/t-uchida/projects/sandbox/react-tutorial/src/package.json","/home/t-uchida/projects/sandbox/react-tutorial/src/node_modules"]}
[23:15:28.013] Finished typings discovery: {"cachedTypingPaths":["/home/t-uchida/.cache/typescript/4.6/node_modules/@types/react/index.d.ts","/home/t-uchida/.cache/typescript/4.6/node_modules/@types/react-dom/index.d.ts"],"newTypingNames":["react-scripts"],"filesToWatch":["/home/t-uchida/projects/sandbox/react-tutorial/src/bower_components","/home/t-uchida/projects/sandbox/react-tutorial/src/package.json","/home/t-uchida/projects/sandbox/react-tutorial/src/node_modules"]}
[23:15:28.014] Installing typings ["react-scripts"]
[23:15:28.014] 'react-scripts':: Entry for package 'react-scripts' does not exist in local types registry - skipping...
[23:15:28.014] All typings are known to be missing or invalid - no need to install more typings
[23:15:28.014] Sending response:
    {"projectName":"/dev/null/inferredProject1*","typeAcquisition":{"enable":true,"include":[],"exclude":[]},"compilerOptions":{"module":1,"target":3,"jsx":1,"allowJs":true,"allowSyntheticDefaultImports":true,"allowNonTsExtensions":true,"noEmitForJsFiles":true,"maxNodeModuleJsDepth":2},"typings":["/home/t-uchida/.cache/typescript/4.6/node_modules/@types/react/index.d.ts","/home/t-uchida/.cache/typescript/4.6/node_modules/@types/react-dom/index.d.ts"],"unresolvedImports":[],"kind":"action::set"}
[23:15:28.014] Response has been sent.
[23:16:08.390] Got install request {"projectName":"/dev/null/inferredProject2*","fileNames":["/home/t-uchida/Dropbox/dotfiles/.emacs.d/.cache/lsp/npm/typescript/lib/node_modules/typescript/lib/lib.es5.d.ts","/home/t-uchida/Dropbox/dotfiles/.emacs.d/.cache/lsp/npm/typescript/lib/node_modules/typescript/lib/lib.es2015.d.ts","/home/t-uchida/Dropbox/dotfiles/.emacs.d/.cache/lsp/npm/typescript/lib/node_modules/typescript/lib/lib.es2016.d.ts","/home/t-uchida/Dropbox/dotfiles/.emacs.d/.cache/lsp/npm/typescript/lib/node_modules/typescript/lib/lib.dom.d.ts","/home/t-uchida/Dropbox/dotfiles/.emacs.d/.cache/lsp/npm/typescript/lib/node_modules/typescript/lib/lib.dom.iterable.d.ts","/home/t-uchida/Dropbox/dotfiles/.emacs.d/.cache/lsp/npm/typescript/lib/node_modules/typescript/lib/lib.webworker.importscripts.d.ts","/home/t-uchida/Dropbox/dotfiles/.emacs.d/.cache/lsp/npm/typescript/lib/node_modules/typescript/lib/lib.scripthost.d.ts","/home/t-uchida/Dropbox/dotfiles/.emacs.d/.cache/lsp/npm/typescript/lib/node_modules/typescript/lib/lib.es2015.core.d.ts","/home/t-uchida/Dropbox/dotfiles/.emacs.d/.cache/lsp/npm/typescript/lib/node_modules/typescript/lib/lib.es2015.collection.d.ts","/home/t-uchida/Dropbox/dotfiles/.emacs.d/.cache/lsp/npm/typescript/lib/node_modules/typescript/lib/lib.es2015.generator.d.ts","/home/t-uchida/Dropbox/dotfiles/.emacs.d/.cache/lsp/npm/typescript/lib/node_modules/typescript/lib/lib.es2015.iterable.d.ts","/home/t-uchida/Dropbox/dotfiles/.emacs.d/.cache/lsp/npm/typescript/lib/node_modules/typescript/lib/lib.es2015.promise.d.ts","/home/t-uchida/Dropbox/dotfiles/.emacs.d/.cache/lsp/npm/typescript/lib/node_modules/typescript/lib/lib.es2015.proxy.d.ts","/home/t-uchida/Dropbox/dotfiles/.emacs.d/.cache/lsp/npm/typescript/lib/node_modules/typescript/lib/lib.es2015.reflect.d.ts","/home/t-uchida/Dropbox/dotfiles/.emacs.d/.cache/lsp/npm/typescript/lib/node_modules/typescript/lib/lib.es2015.symbol.d.ts","/home/t-uchida/Dropbox/dotfiles/.emacs.d/.cache/lsp/npm/typescript/lib/node_modules/typescript/lib/lib.es2015.symbol.wellknown.d.ts","/home/t-uchida/Dropbox/dotfiles/.emacs.d/.cache/lsp/npm/typescript/lib/node_modules/typescript/lib/lib.es2016.array.include.d.ts","/home/t-uchida/Dropbox/dotfiles/.emacs.d/.cache/lsp/npm/typescript/lib/node_modules/typescript/lib/lib.es2016.full.d.ts","/home/t-uchida/projects/sandbox/react-tutorial/src/App.js","/home/t-uchida/projects/sandbox/react-tutorial/src/index.js"],"compilerOptions":{"module":1,"target":3,"jsx":1,"allowJs":true,"allowSyntheticDefaultImports":true,"allowNonTsExtensions":true,"noEmitForJsFiles":true,"maxNodeModuleJsDepth":2},"typeAcquisition":{"enable":true,"include":[],"exclude":[]},"unresolvedImports":[],"projectRootPath":"/home/t-uchida/projects/sandbox/react-tutorial/src","kind":"discover"}
[23:16:08.391] Explicitly included types: []
[23:16:08.392] Typing names in '/home/t-uchida/projects/sandbox/react-tutorial/src/package.json' dependencies: ["react","react-dom","react-scripts"]
[23:16:08.393] Inferred typings from unresolved imports: []
[23:16:08.393] Result: {"cachedTypingPaths":["/home/t-uchida/.cache/typescript/4.6/node_modules/@types/react/index.d.ts","/home/t-uchida/.cache/typescript/4.6/node_modules/@types/react-dom/index.d.ts"],"newTypingNames":["react-scripts"],"filesToWatch":["/home/t-uchida/projects/sandbox/react-tutorial/src/bower_components","/home/t-uchida/projects/sandbox/react-tutorial/src/package.json","/home/t-uchida/projects/sandbox/react-tutorial/src/node_modules"]}
[23:16:08.394] Finished typings discovery: {"cachedTypingPaths":["/home/t-uchida/.cache/typescript/4.6/node_modules/@types/react/index.d.ts","/home/t-uchida/.cache/typescript/4.6/node_modules/@types/react-dom/index.d.ts"],"newTypingNames":["react-scripts"],"filesToWatch":["/home/t-uchida/projects/sandbox/react-tutorial/src/bower_components","/home/t-uchida/projects/sandbox/react-tutorial/src/package.json","/home/t-uchida/projects/sandbox/react-tutorial/src/node_modules"]}
[23:16:08.394] DirectoryWatcher:: Added:: WatchInfo: /home/t-uchida/projects/sandbox/react-tutorial/src/bower_components
[23:16:08.394] DirectoryWatcher:: Added:: WatchInfo: /home/t-uchida/projects/sandbox/react-tutorial/src/bower_components 1 undefined Project: /dev/null/inferredProject2* watcher already invoked: false
[23:16:08.394] Elapsed:: 0.06578499963507056ms DirectoryWatcher:: Added:: WatchInfo: /home/t-uchida/projects/sandbox/react-tutorial/src/bower_components 1 undefined Project: /dev/null/inferredProject2* watcher already invoked: false
[23:16:08.394] FileWatcher:: Added:: WatchInfo: /home/t-uchida/projects/sandbox/react-tutorial/src/package.json
[23:16:08.394] FileWatcher:: Added:: WatchInfo: /home/t-uchida/projects/sandbox/react-tutorial/src/package.json 2000 undefined Project: /dev/null/inferredProject2* watcher already invoked: false
[23:16:08.395] DirectoryWatcher:: Added:: WatchInfo: /home/t-uchida/projects/sandbox/react-tutorial/src/node_modules
[23:16:08.395] DirectoryWatcher:: Added:: WatchInfo: /home/t-uchida/projects/sandbox/react-tutorial/src/node_modules 1 undefined Project: /dev/null/inferredProject2* watcher already invoked: false
[23:16:08.395] Elapsed:: 0.03305299999192357ms DirectoryWatcher:: Added:: WatchInfo: /home/t-uchida/projects/sandbox/react-tutorial/src/node_modules 1 undefined Project: /dev/null/inferredProject2* watcher already invoked: false
[23:16:08.395] Installing typings ["react-scripts"]
[23:16:08.395] 'react-scripts':: Entry for package 'react-scripts' does not exist in local types registry - skipping...
[23:16:08.395] All typings are known to be missing or invalid - no need to install more typings
[23:16:08.395] Sending response:
    {"projectName":"/dev/null/inferredProject2*","typeAcquisition":{"enable":true,"include":[],"exclude":[]},"compilerOptions":{"module":1,"target":3,"jsx":1,"allowJs":true,"allowSyntheticDefaultImports":true,"allowNonTsExtensions":true,"noEmitForJsFiles":true,"maxNodeModuleJsDepth":2},"typings":["/home/t-uchida/.cache/typescript/4.6/node_modules/@types/react/index.d.ts","/home/t-uchida/.cache/typescript/4.6/node_modules/@types/react-dom/index.d.ts"],"unresolvedImports":[],"kind":"action::set"}
[23:16:08.395] Response has been sent.
[23:16:08.553] Got install request {"projectName":"/dev/null/inferredProject2*","fileNames":["/home/t-uchida/Dropbox/dotfiles/.emacs.d/.cache/lsp/npm/typescript/lib/node_modules/typescript/lib/lib.es5.d.ts","/home/t-uchida/Dropbox/dotfiles/.emacs.d/.cache/lsp/npm/typescript/lib/node_modules/typescript/lib/lib.es2015.d.ts","/home/t-uchida/Dropbox/dotfiles/.emacs.d/.cache/lsp/npm/typescript/lib/node_modules/typescript/lib/lib.es2016.d.ts","/home/t-uchida/Dropbox/dotfiles/.emacs.d/.cache/lsp/npm/typescript/lib/node_modules/typescript/lib/lib.dom.d.ts","/home/t-uchida/Dropbox/dotfiles/.emacs.d/.cache/lsp/npm/typescript/lib/node_modules/typescript/lib/lib.dom.iterable.d.ts","/home/t-uchida/Dropbox/dotfiles/.emacs.d/.cache/lsp/npm/typescript/lib/node_modules/typescript/lib/lib.webworker.importscripts.d.ts","/home/t-uchida/Dropbox/dotfiles/.emacs.d/.cache/lsp/npm/typescript/lib/node_modules/typescript/lib/lib.scripthost.d.ts","/home/t-uchida/Dropbox/dotfiles/.emacs.d/.cache/lsp/npm/typescript/lib/node_modules/typescript/lib/lib.es2015.core.d.ts","/home/t-uchida/Dropbox/dotfiles/.emacs.d/.cache/lsp/npm/typescript/lib/node_modules/typescript/lib/lib.es2015.collection.d.ts","/home/t-uchida/Dropbox/dotfiles/.emacs.d/.cache/lsp/npm/typescript/lib/node_modules/typescript/lib/lib.es2015.generator.d.ts","/home/t-uchida/Dropbox/dotfiles/.emacs.d/.cache/lsp/npm/typescript/lib/node_modules/typescript/lib/lib.es2015.iterable.d.ts","/home/t-uchida/Dropbox/dotfiles/.emacs.d/.cache/lsp/npm/typescript/lib/node_modules/typescript/lib/lib.es2015.promise.d.ts","/home/t-uchida/Dropbox/dotfiles/.emacs.d/.cache/lsp/npm/typescript/lib/node_modules/typescript/lib/lib.es2015.proxy.d.ts","/home/t-uchida/Dropbox/dotfiles/.emacs.d/.cache/lsp/npm/typescript/lib/node_modules/typescript/lib/lib.es2015.reflect.d.ts","/home/t-uchida/Dropbox/dotfiles/.emacs.d/.cache/lsp/npm/typescript/lib/node_modules/typescript/lib/lib.es2015.symbol.d.ts","/home/t-uchida/Dropbox/dotfiles/.emacs.d/.cache/lsp/npm/typescript/lib/node_modules/typescript/lib/lib.es2015.symbol.wellknown.d.ts","/home/t-uchida/Dropbox/dotfiles/.emacs.d/.cache/lsp/npm/typescript/lib/node_modules/typescript/lib/lib.es2016.array.include.d.ts","/home/t-uchida/Dropbox/dotfiles/.emacs.d/.cache/lsp/npm/typescript/lib/node_modules/typescript/lib/lib.es2016.full.d.ts","/home/t-uchida/.cache/typescript/4.6/node_modules/@types/react/global.d.ts","/home/t-uchida/.cache/typescript/4.6/node_modules/@types/react/index.d.ts","/home/t-uchida/projects/sandbox/react-tutorial/src/App.js","/home/t-uchida/projects/sandbox/react-tutorial/src/index.js","/home/t-uchida/.cache/typescript/4.6/node_modules/@types/react-dom/index.d.ts"],"compilerOptions":{"module":1,"target":3,"jsx":1,"allowJs":true,"allowSyntheticDefaultImports":true,"allowNonTsExtensions":true,"noEmitForJsFiles":true,"maxNodeModuleJsDepth":2},"typeAcquisition":{"enable":true,"include":[],"exclude":[]},"unresolvedImports":[],"projectRootPath":"/home/t-uchida/projects/sandbox/react-tutorial/src","kind":"discover"}
[23:16:08.554] Explicitly included types: []
[23:16:08.555] Typing names in '/home/t-uchida/projects/sandbox/react-tutorial/src/package.json' dependencies: ["react","react-dom","react-scripts"]
[23:16:08.555] Inferred typings from unresolved imports: []
[23:16:08.555] Result: {"cachedTypingPaths":["/home/t-uchida/.cache/typescript/4.6/node_modules/@types/react/index.d.ts","/home/t-uchida/.cache/typescript/4.6/node_modules/@types/react-dom/index.d.ts"],"newTypingNames":["react-scripts"],"filesToWatch":["/home/t-uchida/projects/sandbox/react-tutorial/src/bower_components","/home/t-uchida/projects/sandbox/react-tutorial/src/package.json","/home/t-uchida/projects/sandbox/react-tutorial/src/node_modules"]}
[23:16:08.555] Finished typings discovery: {"cachedTypingPaths":["/home/t-uchida/.cache/typescript/4.6/node_modules/@types/react/index.d.ts","/home/t-uchida/.cache/typescript/4.6/node_modules/@types/react-dom/index.d.ts"],"newTypingNames":["react-scripts"],"filesToWatch":["/home/t-uchida/projects/sandbox/react-tutorial/src/bower_components","/home/t-uchida/projects/sandbox/react-tutorial/src/package.json","/home/t-uchida/projects/sandbox/react-tutorial/src/node_modules"]}
[23:16:08.555] Installing typings ["react-scripts"]
[23:16:08.555] 'react-scripts':: Entry for package 'react-scripts' does not exist in local types registry - skipping...
[23:16:08.555] All typings are known to be missing or invalid - no need to install more typings
[23:16:08.556] Sending response:
    {"projectName":"/dev/null/inferredProject2*","typeAcquisition":{"enable":true,"include":[],"exclude":[]},"compilerOptions":{"module":1,"target":3,"jsx":1,"allowJs":true,"allowSyntheticDefaultImports":true,"allowNonTsExtensions":true,"noEmitForJsFiles":true,"maxNodeModuleJsDepth":2},"typings":["/home/t-uchida/.cache/typescript/4.6/node_modules/@types/react/index.d.ts","/home/t-uchida/.cache/typescript/4.6/node_modules/@types/react-dom/index.d.ts"],"unresolvedImports":[],"kind":"action::set"}
[23:16:08.556] Response has been sent.
